<?xml version="1.0" encoding="UTF-8"?>
<testng-results ignored="0" total="1" passed="1" failed="0" skipped="0">
  <reporter-output>
  </reporter-output>
  <suite started-at="2021-09-24T13:33:19 IST" name="Default suite" finished-at="2021-09-24T13:33:29 IST" duration-ms="9966">
    <groups>
    </groups>
    <test started-at="2021-09-24T13:33:19 IST" name="Default test" finished-at="2021-09-24T13:33:29 IST" duration-ms="9966">
      <class name="Misc.WebTablePractice">
        <test-method signature="webTablehandling()[pri:0, instance:Misc.WebTablePractice@44821a96]" started-at="2021-09-24T13:33:19 IST" name="webTablehandling" finished-at="2021-09-24T13:33:29 IST" duration-ms="9917" status="PASS">
          <reporter-output>
          </reporter-output>
        </test-method> <!-- webTablehandling -->
      </class> <!-- Misc.WebTablePractice -->
    </test> <!-- Default test -->
  </suite> <!-- Default suite -->
</testng-results>
